0 info it worked if it ends with ok
1 verbose cli [ '/usr/local/bin/node', '/usr/local/bin/npm', 'publish' ]
2 info using npm@1.3.25
3 info using node@v0.11.11
4 verbose publish [ '.' ]
5 verbose cache add [ '.', null ]
6 verbose cache add name=undefined spec="." args=[".",null]
7 verbose parsed url { protocol: null,
7 verbose parsed url   slashes: null,
7 verbose parsed url   auth: null,
7 verbose parsed url   host: null,
7 verbose parsed url   port: null,
7 verbose parsed url   hostname: null,
7 verbose parsed url   hash: null,
7 verbose parsed url   search: null,
7 verbose parsed url   query: null,
7 verbose parsed url   pathname: '.',
7 verbose parsed url   path: '.',
7 verbose parsed url   href: '.' }
8 silly lockFile 3a52ce78- .
9 verbose lock . /home/mod/.npm/3a52ce78-.lock
10 verbose tar pack [ '/home/mod/tmp/npm-17669-GbnKDWpB/1424994242907-0.3987517645582557/tmp.tgz',
10 verbose tar pack   '.' ]
11 verbose tarball /home/mod/tmp/npm-17669-GbnKDWpB/1424994242907-0.3987517645582557/tmp.tgz
12 verbose folder .
13 info prepublish dmLivereload@0.0.0
14 silly lockFile 1f1177db-tar tar://.
15 verbose lock tar://. /home/mod/.npm/1f1177db-tar.lock
16 silly lockFile 3cfc86e2-42907-0-3987517645582557-tmp-tgz tar:///home/mod/tmp/npm-17669-GbnKDWpB/1424994242907-0.3987517645582557/tmp.tgz
17 verbose lock tar:///home/mod/tmp/npm-17669-GbnKDWpB/1424994242907-0.3987517645582557/tmp.tgz /home/mod/.npm/3cfc86e2-42907-0-3987517645582557-tmp-tgz.lock
18 silly lockFile 1f1177db-tar tar://.
19 silly lockFile 1f1177db-tar tar://.
20 silly lockFile 3cfc86e2-42907-0-3987517645582557-tmp-tgz tar:///home/mod/tmp/npm-17669-GbnKDWpB/1424994242907-0.3987517645582557/tmp.tgz
21 silly lockFile 3cfc86e2-42907-0-3987517645582557-tmp-tgz tar:///home/mod/tmp/npm-17669-GbnKDWpB/1424994242907-0.3987517645582557/tmp.tgz
22 verbose tar unpack /home/mod/tmp/npm-17669-GbnKDWpB/1424994242907-0.3987517645582557/tmp.tgz
23 silly lockFile 4a19a486-42907-0-3987517645582557-package tar:///home/mod/tmp/npm-17669-GbnKDWpB/1424994242907-0.3987517645582557/package
24 verbose lock tar:///home/mod/tmp/npm-17669-GbnKDWpB/1424994242907-0.3987517645582557/package /home/mod/.npm/4a19a486-42907-0-3987517645582557-package.lock
25 silly lockFile 3cfc86e2-42907-0-3987517645582557-tmp-tgz tar:///home/mod/tmp/npm-17669-GbnKDWpB/1424994242907-0.3987517645582557/tmp.tgz
26 verbose lock tar:///home/mod/tmp/npm-17669-GbnKDWpB/1424994242907-0.3987517645582557/tmp.tgz /home/mod/.npm/3cfc86e2-42907-0-3987517645582557-tmp-tgz.lock
27 silly gunzTarPerm modes [ '755', '644' ]
28 silly gunzTarPerm extractEntry package.json
29 silly gunzTarPerm modified mode [ 'package.json', 436, 420 ]
30 silly gunzTarPerm extractEntry .npmignore
31 silly gunzTarPerm modified mode [ '.npmignore', 436, 420 ]
32 silly gunzTarPerm extractEntry index.js
33 silly gunzTarPerm modified mode [ 'index.js', 436, 420 ]
34 silly gunzTarPerm extractEntry README.markdown
35 silly gunzTarPerm modified mode [ 'README.markdown', 436, 420 ]
36 silly gunzTarPerm extractEntry test/index.js
37 silly gunzTarPerm modified mode [ 'test/index.js', 436, 420 ]
38 silly lockFile 4a19a486-42907-0-3987517645582557-package tar:///home/mod/tmp/npm-17669-GbnKDWpB/1424994242907-0.3987517645582557/package
39 silly lockFile 4a19a486-42907-0-3987517645582557-package tar:///home/mod/tmp/npm-17669-GbnKDWpB/1424994242907-0.3987517645582557/package
40 silly lockFile 3cfc86e2-42907-0-3987517645582557-tmp-tgz tar:///home/mod/tmp/npm-17669-GbnKDWpB/1424994242907-0.3987517645582557/tmp.tgz
41 silly lockFile 3cfc86e2-42907-0-3987517645582557-tmp-tgz tar:///home/mod/tmp/npm-17669-GbnKDWpB/1424994242907-0.3987517645582557/tmp.tgz
42 verbose tar pack [ '/home/mod/.npm/dmLivereload/0.0.0/package.tgz',
42 verbose tar pack   '/home/mod/tmp/npm-17669-GbnKDWpB/1424994242907-0.3987517645582557/package' ]
43 verbose tarball /home/mod/.npm/dmLivereload/0.0.0/package.tgz
44 verbose folder /home/mod/tmp/npm-17669-GbnKDWpB/1424994242907-0.3987517645582557/package
45 silly lockFile 4a19a486-42907-0-3987517645582557-package tar:///home/mod/tmp/npm-17669-GbnKDWpB/1424994242907-0.3987517645582557/package
46 verbose lock tar:///home/mod/tmp/npm-17669-GbnKDWpB/1424994242907-0.3987517645582557/package /home/mod/.npm/4a19a486-42907-0-3987517645582557-package.lock
47 silly lockFile 7dbd2e79-m-dmLivereload-0-0-0-package-tgz tar:///home/mod/.npm/dmLivereload/0.0.0/package.tgz
48 verbose lock tar:///home/mod/.npm/dmLivereload/0.0.0/package.tgz /home/mod/.npm/7dbd2e79-m-dmLivereload-0-0-0-package-tgz.lock
49 silly lockFile 4a19a486-42907-0-3987517645582557-package tar:///home/mod/tmp/npm-17669-GbnKDWpB/1424994242907-0.3987517645582557/package
50 silly lockFile 4a19a486-42907-0-3987517645582557-package tar:///home/mod/tmp/npm-17669-GbnKDWpB/1424994242907-0.3987517645582557/package
51 silly lockFile 7dbd2e79-m-dmLivereload-0-0-0-package-tgz tar:///home/mod/.npm/dmLivereload/0.0.0/package.tgz
52 silly lockFile 7dbd2e79-m-dmLivereload-0-0-0-package-tgz tar:///home/mod/.npm/dmLivereload/0.0.0/package.tgz
53 silly lockFile 9cc5fb93-d-npm-dmLivereload-0-0-0-package /home/mod/.npm/dmLivereload/0.0.0/package
54 verbose lock /home/mod/.npm/dmLivereload/0.0.0/package /home/mod/.npm/9cc5fb93-d-npm-dmLivereload-0-0-0-package.lock
55 silly lockFile 9cc5fb93-d-npm-dmLivereload-0-0-0-package /home/mod/.npm/dmLivereload/0.0.0/package
56 silly lockFile 9cc5fb93-d-npm-dmLivereload-0-0-0-package /home/mod/.npm/dmLivereload/0.0.0/package
57 verbose tar unpack /home/mod/.npm/dmLivereload/0.0.0/package.tgz
58 silly lockFile 678b44f4-d-npm-dmLivereload-0-0-0-package tar:///home/mod/.npm/dmLivereload/0.0.0/package
59 verbose lock tar:///home/mod/.npm/dmLivereload/0.0.0/package /home/mod/.npm/678b44f4-d-npm-dmLivereload-0-0-0-package.lock
60 silly lockFile 7dbd2e79-m-dmLivereload-0-0-0-package-tgz tar:///home/mod/.npm/dmLivereload/0.0.0/package.tgz
61 verbose lock tar:///home/mod/.npm/dmLivereload/0.0.0/package.tgz /home/mod/.npm/7dbd2e79-m-dmLivereload-0-0-0-package-tgz.lock
62 silly gunzTarPerm modes [ '755', '644' ]
63 silly gunzTarPerm extractEntry package.json
64 silly gunzTarPerm extractEntry .npmignore
65 silly gunzTarPerm extractEntry index.js
66 silly gunzTarPerm extractEntry README.markdown
67 silly gunzTarPerm extractEntry test/index.js
68 silly lockFile 678b44f4-d-npm-dmLivereload-0-0-0-package tar:///home/mod/.npm/dmLivereload/0.0.0/package
69 silly lockFile 678b44f4-d-npm-dmLivereload-0-0-0-package tar:///home/mod/.npm/dmLivereload/0.0.0/package
70 silly lockFile 7dbd2e79-m-dmLivereload-0-0-0-package-tgz tar:///home/mod/.npm/dmLivereload/0.0.0/package.tgz
71 silly lockFile 7dbd2e79-m-dmLivereload-0-0-0-package-tgz tar:///home/mod/.npm/dmLivereload/0.0.0/package.tgz
72 verbose chmod /home/mod/.npm/dmLivereload/0.0.0/package.tgz 644
73 verbose chown /home/mod/.npm/dmLivereload/0.0.0/package.tgz [ 1000, 1000 ]
74 silly lockFile 3a52ce78- .
75 silly lockFile 3a52ce78- .
76 silly publish { name: 'dmLivereload',
76 silly publish   version: '0.0.0',
76 silly publish   description: 'Docker based Livereload',
76 silly publish   main: 'index.js',
76 silly publish   scripts: { test: 'mocha --reporter landing' },
76 silly publish   repository:
76 silly publish    { type: 'git',
76 silly publish      url: 'https://github.com/divramod/dmLivereload.git' },
76 silly publish   keywords: [ 'livereload', 'docker', 'nodejs' ],
76 silly publish   author:
76 silly publish    { name: 'Arvid Petermann',
76 silly publish      email: 'arvidpetermann@gmail.com',
76 silly publish      url: 'http://arvidpetermann.com' },
76 silly publish   license: 'ISC',
76 silly publish   bugs: { url: 'https://github.com/divramod/dmLivereload/issues' },
76 silly publish   homepage: 'https://github.com/divramod/dmLivereload',
76 silly publish   devDependencies: { chai: '^2.1.0', mocha: '^2.1.0' },
76 silly publish   readme: 'ERROR: No README data found!',
76 silly publish   readmeFilename: 'README.markdown',
76 silly publish   _id: 'dmLivereload@0.0.0',
76 silly publish   dist: { shasum: '4e6bf7c0b85a8437d2b21562873b5c1c8c5e6230' },
76 silly publish   _from: '.' }
77 error Error: invalid name: must be lowercase and url-safe
77 error     at RegClient.publish (/usr/local/lib/node_modules/npm/node_modules/npm-registry-client/lib/publish.js:22:15)
77 error     at publish_ (/usr/local/lib/node_modules/npm/lib/publish.js:95:12)
77 error     at Array.<anonymous> (/usr/local/lib/node_modules/npm/node_modules/slide/lib/bind-actor.js:15:8)
77 error     at LOOP (/usr/local/lib/node_modules/npm/node_modules/slide/lib/chain.js:15:14)
77 error     at LOOP (/usr/local/lib/node_modules/npm/node_modules/slide/lib/chain.js:14:28)
77 error     at chain (/usr/local/lib/node_modules/npm/node_modules/slide/lib/chain.js:20:5)
77 error     at /usr/local/lib/node_modules/npm/lib/publish.js:59:5
77 error     at /usr/local/lib/node_modules/npm/lib/cache.js:826:14
77 error     at /usr/local/lib/node_modules/npm/node_modules/lockfile/lockfile.js:61:41
77 error     at Object.oncomplete (fs.js:97:15)
78 error If you need help, you may report this *entire* log,
78 error including the npm and node versions, at:
78 error     <http://github.com/isaacs/npm/issues>
79 error System Linux 3.16.0-30-generic
80 error command "/usr/local/bin/node" "/usr/local/bin/npm" "publish"
81 error cwd /home/mod/code/npm/dmLivereload
82 error node -v v0.11.11
83 error npm -v 1.3.25
84 verbose exit [ 1, true ]
